[2026-02-13T16:32:48.899Z] Starting dev server with command: pnpm run dev
[2026-02-13T16:32:49.895Z] 
[2026-02-13T16:32:49.896Z] > app-template@1.0.0 dev /home/ubuntu/ivyreader
[2026-02-13T16:32:49.896Z] > concurrently -k "pnpm dev:server" "pnpm dev:metro"
[2026-02-13T16:32:49.896Z] 
[2026-02-13T16:32:50.850Z] [1]
[2026-02-13T16:32:50.850Z] [1] > app-template@1.0.0 dev:metro /home/ubuntu/ivyreader
[2026-02-13T16:32:50.851Z] [1] > cross-env EXPO_USE_METRO_WORKSPACE_ROOT=1 npx expo start --web --port ${EXPO_PORT:-8081}
[2026-02-13T16:32:50.851Z] [1]
[2026-02-13T16:32:50.857Z] [0]
[2026-02-13T16:32:50.858Z] [0] > app-template@1.0.0 dev:server /home/ubuntu/ivyreader
[2026-02-13T16:32:50.858Z] [0] > cross-env NODE_ENV=development tsx watch server/_core/index.ts
[2026-02-13T16:32:50.858Z] [0]
[2026-02-13T16:32:52.109Z] [1] Starting project at /home/ubuntu/ivyreader
[2026-02-13T16:32:52.839Z] [1] EXPO_USE_METRO_WORKSPACE_ROOT is enabled by default, use EXPO_NO_METRO_WORKSPACE_ROOT instead to disable.
[2026-02-13T16:32:53.596Z] [1] EXPO_USE_METRO_WORKSPACE_ROOT is enabled by default, use EXPO_NO_METRO_WORKSPACE_ROOT instead to disable.
[2026-02-13T16:32:53.597Z] [1] EXPO_USE_METRO_WORKSPACE_ROOT is enabled by default, use EXPO_NO_METRO_WORKSPACE_ROOT instead to disable.
[2026-02-13T16:32:53.599Z] [1] EXPO_USE_METRO_WORKSPACE_ROOT is enabled by default, use EXPO_NO_METRO_WORKSPACE_ROOT instead to disable.
[2026-02-13T16:32:53.961Z] [1] React Compiler enabled
[2026-02-13T16:32:54.223Z] [1] Starting Metro Bundler
[2026-02-13T16:32:54.272Z] [1] EXPO_USE_METRO_WORKSPACE_ROOT is enabled by default, use EXPO_NO_METRO_WORKSPACE_ROOT instead to disable.
[2026-02-13T16:32:55.986Z] [0] [OAuth] Initialized with baseURL: https://api.manus.im
[2026-02-13T16:32:56.382Z] [0] [api] server listening on port 3000
[2026-02-13T16:33:03.442Z] [1] The following packages should be updated for best compatibility with the installed expo version:
[2026-02-13T16:33:03.443Z] [1]   expo@54.0.29 - expected version: ~54.0.33
[2026-02-13T16:33:03.444Z] [1]   expo-audio@1.1.0 - expected version: ~1.1.1
[2026-02-13T16:33:03.444Z] [1]   expo-constants@18.0.12 - expected version: ~18.0.13
[2026-02-13T16:33:03.444Z] [1]   expo-font@14.0.10 - expected version: ~14.0.11
[2026-02-13T16:33:03.444Z] [1]   expo-linking@8.0.10 - expected version: ~8.0.11
[2026-02-13T16:33:03.445Z] [1]   expo-notifications@0.32.15 - expected version: ~0.32.16
[2026-02-13T16:33:03.445Z] [1]   expo-router@6.0.19 - expected version: ~6.0.23
[2026-02-13T16:33:03.445Z] [1]   expo-splash-screen@31.0.12 - expected version: ~31.0.13
[2026-02-13T16:33:03.445Z] [1]   expo-video@3.0.15 - expected version: ~3.0.16
[2026-02-13T16:33:03.446Z] [1] Your project may not work correctly until you install the expected versions of the packages.
[2026-02-13T16:33:03.446Z] [1] Waiting on http://localhost:8081
[2026-02-13T16:33:03.446Z] [1] Logs for your project will appear below.
[2026-02-14T04:19:12.143Z] [0] 11:19:12 PM [tsx] change in ./server/db.ts Restarting...
[2026-02-14T04:19:16.665Z] [0] c[OAuth] Initialized with baseURL: https://api.manus.im
[2026-02-14T04:19:16.890Z] [0] [api] server listening on port 3000
[2026-02-14T04:19:37.827Z] [0] 11:19:37 PM [tsx] change in ./server/db.ts Restarting...
[2026-02-14T04:19:41.652Z] [0] c[OAuth] Initialized with baseURL: https://api.manus.im
[2026-02-14T04:19:41.808Z] [0] [api] server listening on port 3000
[2026-02-14T06:44:09.579Z] [0] 1:44:09 AM [tsx] change in ./server/_core/index.ts Restarting...
[2026-02-14T06:44:11.077Z] [0] c[OAuth] Initialized with baseURL: https://api.manus.im
[2026-02-14T06:44:11.132Z] [0] [api] server listening on port 3000
